<?xml version="1.0" encoding="UTF-8"?>
<!-- Generated by org.testng.reporters.JUnitReportReporter -->
<testsuite hostname="DESKTOP-GKOQLEH" failures="0" tests="1" name="Com.test.DemoTest" time="0.024" errors="0" timestamp="27 Sep 2022 10:45:39 GMT" skipped="0">
  <testcase classname="Com.test.DemoTest" name="test01" time="0.024"/>
</testsuite> <!-- Com.test.DemoTest -->
